app/proguard-rules.txt
# Add project specific ProGuard rules here.
# By default, the flags in this file are appended to flags specified
# in D:\sdk/tools/proguard/proguard-android.txt
# You can edit the include path and order by changing the proguardFiles
# directive in build.gradle.
#
# For more details, see
#   http://developer.android.com/guide/developing/tools/proguard.html

# Add any project specific keep options here:

# If your project uses WebView with JS, uncomment the following
# and specify the fully qualified class name to the JavaScript interface
# class:
#-keepclassmembers class fqcn.of.javascript.interface.for.webview {
#   public *;
#}
-keep class twitter4j.** { *; }
-dontwarn twitter4j.**

-keep class winterwell.** { *; }
-dontwarn winterwell.**

-keep class org.apache.** { *; }
-dontwarn org.apache.**

-keep class org.jdom.** { *; }
-dontwarn org.jdom.**

-keep class com.joooid.** { *; }
-dontwarn com.joooid.**

-keep class org.slf4j.** { *; }
-dontwarn org.slf4j.**
