app/build/outputs/mapping/release/seeds.txt
org.fossasia.phimpme.MyApplication
org.fossasia.phimpme.MyApplication: MyApplication()
org.fossasia.phimpme.R$anim: int abc_fade_in
org.fossasia.phimpme.R$anim: int abc_fade_out
org.fossasia.phimpme.R$anim: int abc_grow_fade_in_from_bottom
org.fossasia.phimpme.R$anim: int abc_popup_enter
org.fossasia.phimpme.R$anim: int abc_popup_exit
org.fossasia.phimpme.R$anim: int abc_shrink_fade_out_from_bottom
org.fossasia.phimpme.R$anim: int abc_slide_in_bottom
org.fossasia.phimpme.R$anim: int abc_slide_in_top
org.fossasia.phimpme.R$anim: int abc_slide_out_bottom
org.fossasia.phimpme.R$anim: int abc_slide_out_top
org.fossasia.phimpme.R$anim: int design_bottom_sheet_slide_in
org.fossasia.phimpme.R$anim: int design_bottom_sheet_slide_out
org.fossasia.phimpme.R$anim: int design_fab_in
org.fossasia.phimpme.R$anim: int design_fab_out
org.fossasia.phimpme.R$anim: int design_snackbar_in
org.fossasia.phimpme.R$anim: int design_snackbar_out
org.fossasia.phimpme.R$anim: int fade_in
org.fossasia.phimpme.R$anim: int fade_out
org.fossasia.phimpme.R$anim: int in_bottom_to_top
org.fossasia.phimpme.R$anim: int menuhide
org.fossasia.phimpme.R$anim: int menushow
org.fossasia.phimpme.R$anim: int out_bottom_to_top
org.fossasia.phimpme.R$anim: int slide_down
org.fossasia.phimpme.R$anim: int slide_fade_photos
org.fossasia.phimpme.R$anim: int tw__accelerate_cubic
org.fossasia.phimpme.R$anim: int tw__slide_out
org.fossasia.phimpme.R$anim: int ucrop_loader_circle_path
org.fossasia.phimpme.R$anim: int ucrop_loader_circle_scale
org.fossasia.phimpme.R$anim: int zoom_in
org.fossasia.phimpme.R$animator: int design_appbar_state_list_animator
org.fossasia.phimpme.R$array: int accounts_array
org.fossasia.phimpme.R$array: int enhance_icons
org.fossasia.phimpme.R$array: int enhance_titles
org.fossasia.phimpme.R$array: int filter_titles
org.fossasia.phimpme.R$array: int flash_entries
org.fossasia.phimpme.R$array: int flash_icons
org.fossasia.phimpme.R$array: int flash_values
org.fossasia.phimpme.R$array: int focus_mode_entries
org.fossasia.phimpme.R$array: int focus_mode_icons
org.fossasia.phimpme.R$array: int focus_mode_values
org.fossasia.phimpme.R$array: int preference_angle_highlight_color_entries
org.fossasia.phimpme.R$array: int preference_angle_highlight_color_values
org.fossasia.phimpme.R$array: int preference_audio_control_entries
org.fossasia.phimpme.R$array: int preference_audio_control_values
org.fossasia.phimpme.R$array: int preference_audio_noise_control_sensitivity_entries
org.fossasia.phimpme.R$array: int preference_audio_noise_control_sensitivity_values
org.fossasia.phimpme.R$array: int preference_burst_interval_entries
org.fossasia.phimpme.R$array: int preference_burst_interval_values
org.fossasia.phimpme.R$array: int preference_burst_mode_entries
org.fossasia.phimpme.R$array: int preference_burst_mode_values
org.fossasia.phimpme.R$array: int preference_crop_guide_entries
org.fossasia.phimpme.R$array: int preference_crop_guide_values
org.fossasia.phimpme.R$array: int preference_expo_bracketing_n_images_entries
org.fossasia.phimpme.R$array: int preference_expo_bracketing_n_images_values
...
com.facebook.stetho.common.android.FragmentCompatFramework$FragmentAccessorFrameworkHoneycomb
com.facebook.stetho.common.android.FragmentCompatFramework$FragmentAccessorFrameworkHoneycomb: FragmentCompatFramework$FragmentAccessorFrameworkHoneycomb()
com.facebook.stetho.common.android.FragmentCompatFramework$FragmentAccessorFrameworkHoneycomb: android.app.FragmentManager getFragmentManager(android.app.Fragment)
com.facebook.stetho.common.android.FragmentCompatFramework$FragmentAccessorFrameworkHoneycomb: android.content.res.Resources getResources(android.app.Fragment)
com.facebook.stetho.common.android.FragmentCompatFramework$FragmentAccessorFrameworkHoneycomb: int getId(android.app.Fragment)
com.facebook.stetho.common.android.FragmentCompatFramework$FragmentAccessorFrameworkHoneycomb: java.lang.String getTag(android.app.Fragment)
com.facebook.stetho.common.android.FragmentCompatFramework$FragmentAccessorFrameworkHoneycomb: android.view.View getView(android.app.Fragment)
com.facebook.stetho.common.android.FragmentCompatFramework$FragmentAccessorFrameworkHoneycomb: android.app.FragmentManager getChildFragmentManager(android.app.Fragment)
com.facebook.stetho.common.android.FragmentCompatFramework$FragmentAccessorFrameworkHoneycomb: java.lang.Object getChildFragmentManager(java.lang.Object)
com.facebook.stetho.common.android.FragmentCompatFramework$FragmentAccessorFrameworkHoneycomb: android.view.View getView(java.lang.Object)
com.facebook.stetho.common.android.FragmentCompatFramework$FragmentAccessorFrameworkJellyBean
com.facebook.stetho.common.android.FragmentCompatFramework$FragmentAccessorFrameworkJellyBean: FragmentCompatFramework$FragmentAccessorFrameworkJellyBean()
com.facebook.stetho.common.android.FragmentCompatFramework$FragmentAccessorFrameworkJellyBean: android.app.FragmentManager getChildFragmentManager(android.app.Fragment)
com.facebook.stetho.common.android.FragmentCompatFramework$FragmentAccessorFrameworkJellyBean: java.lang.Object getChildFragmentManager(java.lang.Object)
com.facebook.stetho.common.android.FragmentCompatFramework$FragmentAccessorFrameworkJellyBean: FragmentCompatFramework$FragmentAccessorFrameworkJellyBean(com.facebook.stetho.common.android.FragmentCompatFramework$1)
com.facebook.stetho.common.android.FragmentCompatFramework$FragmentActivityAccessorFramework
com.facebook.stetho.common.android.FragmentCompatFramework$FragmentActivityAccessorFramework: FragmentCompatFramework$FragmentActivityAccessorFramework()
com.facebook.stetho.common.android.FragmentCompatFramework$FragmentActivityAccessorFramework: android.app.FragmentManager getFragmentManager(android.app.Activity)
com.facebook.stetho.common.android.FragmentCompatFramework$FragmentActivityAccessorFramework: java.lang.Object getFragmentManager(android.app.Activity)
com.facebook.stetho.common.android.FragmentCompatFramework$FragmentActivityAccessorFramework: FragmentCompatFramework$FragmentActivityAccessorFramework(com.facebook.stetho.common.android.FragmentCompatFramework$1)