app/build/outputs/mapping/release/usage.txt
org.fossasia.phimpme.BuildConfig
org.fossasia.phimpme.Manifest
org.fossasia.phimpme.Manifest$permission
org.fossasia.phimpme.MyApplication:
    88:89:public void setAlbums(org.fossasia.phimpme.gallery.data.HandlingAlbums)
    92:93:public void updateAlbums()
org.fossasia.phimpme.R
org.fossasia.phimpme.R$anim
org.fossasia.phimpme.R$animator
org.fossasia.phimpme.R$array
org.fossasia.phimpme.R$attr
org.fossasia.phimpme.R$bool
org.fossasia.phimpme.R$color
org.fossasia.phimpme.R$dimen
org.fossasia.phimpme.R$drawable
org.fossasia.phimpme.R$id
org.fossasia.phimpme.R$integer
org.fossasia.phimpme.R$layout
org.fossasia.phimpme.R$menu
org.fossasia.phimpme.R$mipmap
org.fossasia.phimpme.R$plurals
org.fossasia.phimpme.R$raw
org.fossasia.phimpme.R$string
org.fossasia.phimpme.R$style
org.fossasia.phimpme.R$styleable
org.fossasia.phimpme.R$xml
org.fossasia.phimpme.accounts.AccountAdapter:
    public int switchBackgroundColor
    30:40:public AccountAdapter(int,int)
    104:106:public void setResults(io.realm.RealmQuery)
org.fossasia.phimpme.accounts.AccountAdapter$ViewHolder_ViewBinding:
    32:40:public void unbind()
org.fossasia.phimpme.accounts.AccountContract
org.fossasia.phimpme.accounts.AccountContract$Presenter
org.fossasia.phimpme.accounts.AccountContract$View
org.fossasia.phimpme.accounts.AccountPresenter
org.fossasia.phimpme.base.BaseActivity:
    private static final java.lang.String SHOWCASE_ID
org.fossasia.phimpme.base.BasePresenter
org.fossasia.phimpme.base.BasePresenter$MvpViewNotAttachedException
org.fossasia.phimpme.base.MvpView
org.fossasia.phimpme.base.PhimpmeProgressBarHandler:
    40:41:public void show()
org.fossasia.phimpme.base.Presenter
org.fossasia.phimpme.base.ThemedActivity:
    167:167:protected android.graphics.drawable.Drawable getPlaceHolder()
    171:171:protected int getInvertedBackgroundColor()
org.fossasia.phimpme.data.local.AccountDatabase:
    36:36:public java.lang.String getSecret()
    40:41:public void setSecret(java.lang.String)
    45:45:public java.lang.String getName()
    49:50:public void setName(java.lang.String)
    57:58:public void setUsername(java.lang.String)
    61:61:public java.lang.String getUserId()
    65:66:public void setUserId(java.lang.String)
    69:69:public java.lang.String getToken()
    73:74:public void setToken(java.lang.String)
    77:77:public java.lang.String getTokenSecret()
    81:82:public void setTokenSecret(java.lang.String)
    85:85:public java.lang.String getPassword()
    89:90:public void setPassword(java.lang.String)
    93:93:public java.lang.String getServerUrl()
    97:98:public void setServerUrl(java.lang.String)
    101:101:public org.fossasia.phimpme.data.local.AccountDatabase$AccountName getAccountname()
    105:106:public void setAccountname(org.fossasia.phimpme.data.local.AccountDatabase$AccountName)
    public void realmSet$name(java.lang.String)
org.fossasia.phimpme.data.local.DatabaseHelper:
    20:20:public io.realm.RealmQuery fetchAccountDetails()
    24:33:public void deleteSignedOutAccount(java.lang.String)
org.fossasia.phimpme.data.local.DatabaseHelper$1
org.fossasia.phimpme.data.local.ImageDescModel:
    30:31:public void setId(java.lang.String)
org.fossasia.phimpme.data.local.UploadHistoryRealmModel:
    24:24:public java.lang.String getPathname()
org.fossasia.phimpme.editor.EditImageActivity:
    public static final java.lang.String FILE_PATH
    public static final java.lang.String EXTRA_OUTPUT
    public static final java.lang.String IMAGE_IS_EDIT
    public static final int MODE_MAIN
    public static final int MODE_SLIDER
    public static final int MODE_FILTERS
    public static final int MODE_ENHANCE
    public static final int MODE_ADJUST
    public static final int MODE_STICKER_TYPES
    public static final int MODE_WRITE
    public static final int MODE_STICKERS
    public static final int MODE_CROP
    public static final int MODE_ROTATE
    public static final int MODE_TEXT
    public static final int MODE_PAINT
...
org.opencv.engine.OpenCVEngineInterface$Stub$Proxy
org.opencv.features2d.DMatch
org.opencv.features2d.DescriptorExtractor
org.opencv.features2d.DescriptorMatcher
org.opencv.features2d.FeatureDetector
org.opencv.features2d.Features2d
org.opencv.features2d.GenericDescriptorMatcher
org.opencv.features2d.KeyPoint
org.opencv.gpu.DeviceInfo
org.opencv.gpu.Gpu
org.opencv.gpu.TargetArchs
org.opencv.highgui.Highgui
org.opencv.highgui.VideoCapture
org.opencv.imgproc.CLAHE
org.opencv.imgproc.Imgproc
org.opencv.imgproc.Moments
org.opencv.imgproc.Subdiv2D
org.opencv.ml.CvANN_MLP
org.opencv.ml.CvANN_MLP_TrainParams
org.opencv.ml.CvBoost
org.opencv.ml.CvBoostParams
org.opencv.ml.CvDTree
org.opencv.ml.CvDTreeParams
org.opencv.ml.CvERTrees
org.opencv.ml.CvGBTrees
org.opencv.ml.CvGBTreesParams
org.opencv.ml.CvKNearest
org.opencv.ml.CvNormalBayesClassifier
org.opencv.ml.CvParamGrid
org.opencv.ml.CvRTParams
org.opencv.ml.CvRTrees
org.opencv.ml.CvSVM
org.opencv.ml.CvSVMParams
org.opencv.ml.CvStatModel
org.opencv.ml.EM
org.opencv.ml.Ml
org.opencv.objdetect.CascadeClassifier
org.opencv.objdetect.HOGDescriptor
org.opencv.objdetect.Objdetect
org.opencv.photo.Photo
org.opencv.utils.Converters
org.opencv.video.BackgroundSubtractor
org.opencv.video.BackgroundSubtractorMOG
org.opencv.video.BackgroundSubtractorMOG2
org.opencv.video.KalmanFilter
org.opencv.video.Video
org.osmdroid.DefaultResourceProxyImpl
org.osmdroid.DefaultResourceProxyImpl$1
org.osmdroid.LocationListenerProxy
org.osmdroid.ResourceProxy
org.osmdroid.ResourceProxy$bitmap
org.osmdroid.ResourceProxy$string
org.osmdroid.SensorEventListenerProxy
org.osmdroid.api.IGeoPoint
org.osmdroid.api.IMapController
org.osmdroid.api.IMapView
org.osmdroid.api.IMyLocationOverlay
org.osmdroid.api.IProjection
org.osmdroid.contributor.GpxToPHPUploader
org.osmdroid.contributor.GpxToPHPUploader$1
org.osmdroid.contributor.OSMUploader
org.osmdroid.contributor.OSMUploader$1
org.osmdroid.contributor.RouteRecorder
org.osmdroid.contributor.util.RecordedGeoPoint
org.osmdroid.contributor.util.RecordedRouteGPXFormatter
org.osmdroid.contributor.util.Util
org.osmdroid.contributor.util.constants.OpenStreetMapContributorConstants
org.osmdroid.events.DelayedMapListener
org.osmdroid.events.DelayedMapListener$CallbackTask
org.osmdroid.events.MapAdapter
org.osmdroid.events.MapEvent
org.osmdroid.events.MapListener
org.osmdroid.events.ScrollEvent
org.osmdroid.events.ZoomEvent
org.osmdroid.tileprovider.ExpirableBitmapDrawable
org.osmdroid.tileprovider.IMapTileProviderCallback
org.osmdroid.tileprovider.IRegisterReceiver
org.osmdroid.tileprovider.LRUMapTileCache
org.osmdroid.tileprovider.MapTile
org.osmdroid.tileprovider.MapTileCache
org.osmdroid.tileprovider.MapTileProviderArray
org.osmdroid.tileprovider.MapTileProviderBase
org.osmdroid.tileprovider.MapTileProviderBase$ScaleTileLooper
org.osmdroid.tileprovider.MapTileProviderBase$ZoomInTileLooper
org.osmdroid.tileprovider.MapTileProviderBase$ZoomOutTileLooper
org.osmdroid.tileprovider.MapTileProviderBasic
org.osmdroid.tileprovider.MapTileRequestState
org.osmdroid.tileprovider.constants.OpenStreetMapTileProviderConstants
org.osmdroid.tileprovider.modules.ArchiveFileFactory
org.osmdroid.tileprovider.modules.ConfigurablePriorityThreadFactory
org.osmdroid.tileprovider.modules.DatabaseFileArchive
org.osmdroid.tileprovider.modules.GEMFFileArchive
org.osmdroid.tileprovider.modules.IArchiveFile
org.osmdroid.tileprovider.modules.IFilesystemCache
org.osmdroid.tileprovider.modules.INetworkAvailablityCheck
org.osmdroid.tileprovider.modules.MBTilesFileArchive
org.osmdroid.tileprovider.modules.MapTileDownloader
org.osmdroid.tileprovider.modules.MapTileDownloader$1
org.osmdroid.tileprovider.modules.MapTileDownloader$TileLoader
org.osmdroid.tileprovider.modules.MapTileFileArchiveProvider
org.osmdroid.tileprovider.modules.MapTileFileArchiveProvider$1
org.osmdroid.tileprovider.modules.MapTileFileArchiveProvider$TileLoader
org.osmdroid.tileprovider.modules.MapTileFileStorageProviderBase